[2024-03-04 10:35:49][info][upgrade.go:76 upgrader/upgrade.Auto] 未发现更新
[2024-03-04 10:40:49][info][upgrade.go:76 upgrader/upgrade.Auto] 未发现更新
[2024-03-04 10:45:49][info][upgrade.go:76 upgrader/upgrade.Auto] 未发现更新
[2024-03-04 10:50:49][info][upgrade.go:76 upgrader/upgrade.Auto] 未发现更新
[2024-03-04 10:55:50][info][upgrade.go:76 upgrader/upgrade.Auto] 未发现更新
[2024-03-04 11:00:50][info][upgrade.go:76 upgrader/upgrade.Auto] 未发现更新
[2024-03-04 11:05:50][info][upgrade.go:76 upgrader/upgrade.Auto] 未发现更新
[2024-03-04 11:10:50][info][upgrade.go:76 upgrader/upgrade.Auto] 未发现更新
[2024-03-04 11:15:50][info][upgrade.go:76 upgrader/upgrade.Auto] 未发现更新
[2024-03-04 11:16:16][info][upgrade.go:30 upgrader/upgrade.Auto] &{http://limit.api.yyxcloud.com/ 0 authCode runner backup temp ledshow.tar 5m0s}
[2024-03-04 11:16:16][info][upgrade.go:73 upgrader/upgrade.Auto] 未发现更新
[2024-03-04 11:18:50][info][upgrade.go:30 upgrader/upgrade.Auto] &{http://limit.api.yyxcloud.com/ 0 authCode runner backup temp ledshow.tar 5m0s}
[2024-03-04 11:18:50][info][upgrade.go:74 upgrader/upgrade.Auto] 未发现更新
[2024-03-04 11:22:07][info][upgrade.go:30 upgrader/upgrade.Auto] &{http://limit.api.yyxcloud.com/ 0 Bga0E runner backup temp ledshow.tar 5m0s}
[2024-03-04 11:22:07][info][upgrade.go:74 upgrader/upgrade.Auto] 未发现更新
[2024-03-04 11:23:28][info][upgrade.go:30 upgrader/upgrade.Auto] &{http://limit.api.yyxcloud.com/ 0 Bga0E runner backup temp ledshow.tar 5m0s}
[2024-03-04 11:23:28][info][upgrade.go:33 upgrader/upgrade.Auto] http://limit.api.yyxcloud.com//gateMachine/queryVersion/Bga0E/0
[2024-03-04 11:25:37][info][upgrade.go:73 upgrader/upgrade.Auto] 未发现更新
[2024-03-04 11:28:47][info][upgrade.go:29 upgrader/upgrade.Auto] &{http://limit.api.yyxcloud.com/ 0 Bga0E runner backup temp ledshow.tar 5m0s}
[2024-03-04 11:28:47][info][upgrade.go:32 upgrader/upgrade.Auto] http://limit.api.yyxcloud.com//gateMachine/queryVersion/Bga0E/0
[2024-03-04 11:28:51][info][upgrade.go:68 upgrader/upgrade.Auto] 未发现更新
[2024-03-04 11:30:11][info][upgrade.go:30 upgrader/upgrade.Auto] &{http://limit.api.yyxcloud.com/ 0 Bga0E runner backup temp ledshow.tar 5m0s}
[2024-03-04 11:30:11][info][upgrade.go:33 upgrader/upgrade.Auto] http://limit.api.yyxcloud.com//gateMachine/queryVersion/Bga0E/0
[2024-03-04 11:30:14][info][upgrade.go:51 upgrader/upgrade.Auto] FAIL
[2024-03-04 11:30:14][info][upgrade.go:69 upgrader/upgrade.Auto] 未发现更新
[2024-03-04 11:31:25][info][upgrade.go:30 upgrader/upgrade.Auto] &{http://limit.api.yyxcloud.com/ 0 Bga0E runner backup temp ledshow.tar 5m0s}
[2024-03-04 11:31:25][info][upgrade.go:33 upgrader/upgrade.Auto] http://limit.api.yyxcloud.com//gateMachine/queryVersion/Bga0E/0
[2024-03-04 11:31:33][fatal][upgrade.go:51 upgrader/upgrade.Auto] check update resp code=0,msg=FAIL
[2024-03-04 11:32:13][info][upgrade.go:30 upgrader/upgrade.Auto] &{http://limit.api.yyxcloud.com/ 0 4jyim runner backup temp ledshow.tar 5m0s}
[2024-03-04 11:32:13][info][upgrade.go:33 upgrader/upgrade.Auto] http://limit.api.yyxcloud.com//gateMachine/queryVersion/4jyim/0
[2024-03-04 11:32:13][error][upgrade.go:48 upgrader/upgrade.Auto] json: cannot unmarshal string into Go struct field .data.versionCode of type int
[2024-03-04 11:33:42][info][upgrade.go:30 upgrader/upgrade.Auto] &{http://limit.api.yyxcloud.com/ 0 4jyim runner backup temp ledshow.tar 5m0s}
[2024-03-04 11:33:42][info][upgrade.go:33 upgrader/upgrade.Auto] http://limit.api.yyxcloud.com//gateMachine/queryVersion/4jyim/0
[2024-03-04 11:33:42][fatal][upgrade.go:51 upgrader/upgrade.Auto] check update resp code=1,msg=操作成功
[2024-03-04 11:35:13][info][upgrade.go:30 upgrader/upgrade.Auto] &{http://limit.api.yyxcloud.com/ 0 4jyim runner backup temp ledshow.tar 5m0s}
[2024-03-04 11:35:13][info][upgrade.go:33 upgrader/upgrade.Auto] http://limit.api.yyxcloud.com//gateMachine/queryVersion/4jyim/0
[2024-03-04 11:35:15][fatal][upgrade.go:51 upgrader/upgrade.Auto] check update resp code=1,msg=操作成功
[2024-03-04 11:35:36][info][upgrade.go:30 upgrader/upgrade.Auto] &{http://limit.api.yyxcloud.com/ 0 4jyim runner backup temp ledshow.tar 5m0s}
[2024-03-04 11:35:36][info][upgrade.go:33 upgrader/upgrade.Auto] http://limit.api.yyxcloud.com//gateMachine/queryVersion/4jyim/0
[2024-03-04 11:35:38][fatal][upgrade.go:51 upgrader/upgrade.Auto] check update resp code=1,msg=操作成功
[2024-03-04 11:38:12][info][upgrade.go:30 main.Auto] &{http://limit.api.yyxcloud.com/ 0 4jyim runner backup temp ledshow.tar 5m0s}
[2024-03-04 11:38:12][info][upgrade.go:33 main.Auto] http://limit.api.yyxcloud.com//gateMachine/queryVersion/4jyim/0
[2024-03-04 11:38:14][fatal][upgrade.go:51 main.Auto] check update resp code=1,msg=操作成功
[2024-03-04 11:38:26][info][upgrade.go:30 main.Auto] &{http://limit.api.yyxcloud.com/ 0 4jyim runner backup temp ledshow.tar 5m0s}
[2024-03-04 11:38:26][info][upgrade.go:33 main.Auto] http://limit.api.yyxcloud.com//gateMachine/queryVersion/4jyim/0
[2024-03-04 11:38:27][fatal][upgrade.go:51 main.Auto] check update resp code=1,msg=操作成功
[2024-03-04 11:38:43][info][upgrade.go:30 main.Auto] &{http://limit.api.yyxcloud.com/ 0 4jyim runner backup temp ledshow.tar 5m0s}
[2024-03-04 11:38:43][info][upgrade.go:33 main.Auto] http://limit.api.yyxcloud.com//gateMachine/queryVersion/4jyim/0
[2024-03-04 11:38:44][fatal][upgrade.go:51 main.Auto] check update resp code=1,msg=操作成功
[2024-03-04 11:39:28][info][upgrade.go:30 main.Auto] &{http://limit.api.yyxcloud.com/ 0 4jyim runner backup temp ledshow.tar 5m0s}
[2024-03-04 11:39:28][info][upgrade.go:33 main.Auto] http://limit.api.yyxcloud.com//gateMachine/queryVersion/4jyim/0
[2024-03-04 11:39:29][fatal][upgrade.go:51 main.Auto] check update resp code=1,msg=操作成功
[2024-03-04 11:39:47][info][upgrade.go:30 main.Auto] &{http://limit.api.yyxcloud.com/ 0 4jyim runner backup temp ledshow.tar 5m0s}
[2024-03-04 11:39:47][info][upgrade.go:33 main.Auto] http://limit.api.yyxcloud.com//gateMachine/queryVersion/4jyim/0
[2024-03-04 11:39:48][fatal][upgrade.go:53 main.Auto] check update resp {操作成功 1 {2233 https://ocs-oss.oss-cn-beijing.aliyuncs.com/upload/emcs-limit/ledshowktfw-0.0.9.tar ledshowktfw-0.0.9.tar}}
[2024-03-04 11:40:26][info][upgrade.go:30 main.Auto] &{http://limit.api.yyxcloud.com/ 0 4jyim runner backup temp ledshow.tar 5m0s}
[2024-03-04 11:40:26][info][upgrade.go:33 main.Auto] http://limit.api.yyxcloud.com//gateMachine/queryVersion/4jyim/0
[2024-03-04 11:40:26][info][upgrade.go:53 main.Auto] check update resp %v {操作成功 1 {2233 https://ocs-oss.oss-cn-beijing.aliyuncs.com/upload/emcs-limit/ledshowktfw-0.0.9.tar ledshowktfw-0.0.9.tar}}
[2024-03-04 11:40:26][info][upgrade.go:56 main.Auto] 发现新版本: 2233
[2024-03-04 11:40:26][info][upgrade.go:62 main.Auto] 下载更新包...
[2024-03-04 11:40:29][info][upgrade.go:69 main.Auto] 更新完成
[2024-03-04 11:41:55][info][upgrade.go:30 main.Auto] &{http://limit.api.yyxcloud.com/ 0 4jyim runner backup temp ledshow.tar 5m0s}
[2024-03-04 11:41:55][info][upgrade.go:33 main.Auto] http://limit.api.yyxcloud.com//gateMachine/queryVersion/4jyim/0
[2024-03-04 11:41:57][info][upgrade.go:53 main.Auto] check update resp {操作成功 1 {2233 https://ocs-oss.oss-cn-beijing.aliyuncs.com/upload/emcs-limit/ledshowktfw-0.0.9.tar ledshowktfw-0.0.9.tar}}
[2024-03-04 11:42:00][info][upgrade.go:56 main.Auto] 发现新版本 version=2233
[2024-03-04 11:42:02][info][upgrade.go:62 main.Auto] 下载更新包...
[2024-03-04 11:42:09][info][upgrade.go:69 main.Auto] 更新完成
[2024-03-04 11:47:09][info][upgrade.go:30 main.Auto] &{http://limit.api.yyxcloud.com/ 0 4jyim runner backup temp ledshow.tar 5m0s}
[2024-03-04 11:47:09][info][upgrade.go:33 main.Auto] http://limit.api.yyxcloud.com//gateMachine/queryVersion/4jyim/0
[2024-03-04 12:15:39][info][upgrade.go:33 main.Auto] &{http://limit.api.yyxcloud.com/ 0 4jyim runner backup temp ledshow.tar 5m0s}
[2024-03-04 12:15:39][info][upgrade.go:36 main.Auto] http://limit.api.yyxcloud.com//gateMachine/queryVersion/4jyim/0
[2024-03-04 12:15:39][info][upgrade.go:56 main.Auto] check update resp {操作成功 1 {2233 https://ocs-oss.oss-cn-beijing.aliyuncs.com/upload/emcs-limit/ledshowktfw-0.0.9.tar ledshowktfw-0.0.9.tar}}
[2024-03-04 12:15:40][info][upgrade.go:59 main.Auto] 发现新版本 version=2233
[2024-03-04 12:15:41][info][upgrade.go:151 main.checkDIr] 文件夹 temp 已存在

[2024-03-04 12:15:41][info][upgrade.go:63 main.Auto] 下载更新包...
[2024-03-04 12:15:44][info][upgrade.go:70 main.Auto] 更新完成
[2024-03-04 12:15:45][info][upgrade.go:151 main.checkDIr] 文件夹 backup 已存在

[2024-03-04 12:15:50][info][upgrade.go:149 main.checkDIr] 已创建文件夹 runner

[2024-03-04 12:15:52][info][upgrade.go:136 main.tarRunner] 解压缩完成
[2024-03-04 12:19:02][info][upgrade.go:33 main.Auto] &{http://limit.api.yyxcloud.com/ 0 4jyim runner backup temp ledshow.tar 5m0s}
[2024-03-04 12:19:02][info][upgrade.go:36 main.Auto] http://limit.api.yyxcloud.com//gateMachine/queryVersion/4jyim/0
[2024-03-04 12:19:02][info][upgrade.go:56 main.Auto] check update resp {操作成功 1 {2233 https://ocs-oss.oss-cn-beijing.aliyuncs.com/upload/emcs-limit/ledshowktfw-0.0.9.tar ledshowktfw-0.0.9.tar}}
[2024-03-04 12:19:06][info][upgrade.go:59 main.Auto] 发现新版本 version=2233
[2024-03-04 12:19:06][info][upgrade.go:153 main.checkDIr] 文件夹 temp 已存在

[2024-03-04 12:19:06][info][upgrade.go:63 main.Auto] 下载更新包...
[2024-03-04 12:19:08][info][upgrade.go:70 main.Auto] 更新完成
[2024-03-04 12:19:08][info][upgrade.go:153 main.checkDIr] 文件夹 backup 已存在

[2024-03-04 12:19:24][info][upgrade.go:153 main.checkDIr] 文件夹 runner 已存在

[2024-03-04 12:19:24][info][upgrade.go:138 main.tarRunner] 解压缩完成
[2024-03-04 12:20:55][info][upgrade.go:33 main.Auto] &{http://limit.api.yyxcloud.com/ 0 4jyim runner backup temp ledshow.tar 5m0s}
[2024-03-04 12:20:55][info][upgrade.go:36 main.Auto] http://limit.api.yyxcloud.com//gateMachine/queryVersion/4jyim/0
[2024-03-04 12:20:55][info][upgrade.go:56 main.Auto] check update resp {操作成功 1 {2233 https://ocs-oss.oss-cn-beijing.aliyuncs.com/upload/emcs-limit/ledshowktfw-0.0.9.tar ledshowktfw-0.0.9.tar}}
[2024-03-04 12:21:02][info][upgrade.go:59 main.Auto] 发现新版本 version=2233
[2024-03-04 12:21:02][info][upgrade.go:156 main.checkDIr] 文件夹 temp 已存在

[2024-03-04 12:21:02][info][upgrade.go:63 main.Auto] 下载更新包...
[2024-03-04 12:21:05][info][upgrade.go:70 main.Auto] 更新完成
[2024-03-04 12:21:05][info][upgrade.go:156 main.checkDIr] 文件夹 backup 已存在

[2024-03-04 12:21:08][info][upgrade.go:156 main.checkDIr] 文件夹 runner 已存在

[2024-03-04 12:21:08][info][upgrade.go:141 main.tarRunner] 解压缩完成
[2024-03-04 12:22:00][info][upgrade.go:33 main.Auto] &{http://limit.api.yyxcloud.com/ 0 4jyim runner backup temp ledshow.tar 5m0s}
[2024-03-04 12:22:00][info][upgrade.go:36 main.Auto] http://limit.api.yyxcloud.com//gateMachine/queryVersion/4jyim/0
[2024-03-04 12:22:00][info][upgrade.go:56 main.Auto] check update resp {操作成功 1 {2233 https://ocs-oss.oss-cn-beijing.aliyuncs.com/upload/emcs-limit/ledshowktfw-0.0.9.tar ledshowktfw-0.0.9.tar}}
[2024-03-04 12:22:02][info][upgrade.go:59 main.Auto] 发现新版本 version=2233
[2024-03-04 12:22:02][info][upgrade.go:156 main.checkDIr] 文件夹 temp 已存在

[2024-03-04 12:22:02][info][upgrade.go:63 main.Auto] 下载更新包...
[2024-03-04 12:22:04][info][upgrade.go:70 main.Auto] 更新完成
[2024-03-04 12:22:04][info][upgrade.go:156 main.checkDIr] 文件夹 backup 已存在

[2024-03-04 12:22:04][info][upgrade.go:156 main.checkDIr] 文件夹 runner 已存在

[2024-03-04 12:22:04][info][upgrade.go:141 main.tarRunner] 解压缩完成
[2024-03-04 12:22:37][info][upgrade.go:33 main.Auto] &{http://limit.api.yyxcloud.com/ 0 4jyim runner backup temp ledshow.tar 5m0s}
[2024-03-04 12:22:37][info][upgrade.go:36 main.Auto] http://limit.api.yyxcloud.com//gateMachine/queryVersion/4jyim/0
[2024-03-04 12:22:38][info][upgrade.go:56 main.Auto] check update resp {操作成功 1 {2233 https://ocs-oss.oss-cn-beijing.aliyuncs.com/upload/emcs-limit/ledshowktfw-0.0.9.tar ledshowktfw-0.0.9.tar}}
[2024-03-04 12:22:39][info][upgrade.go:59 main.Auto] 发现新版本 version=2233
[2024-03-04 12:22:39][info][upgrade.go:156 main.checkDIr] 文件夹 temp 已存在

[2024-03-04 12:22:39][info][upgrade.go:63 main.Auto] 下载更新包...
[2024-03-04 12:22:41][info][upgrade.go:70 main.Auto] 更新完成
[2024-03-04 12:22:41][info][upgrade.go:156 main.checkDIr] 文件夹 backup 已存在

[2024-03-04 12:22:50][info][upgrade.go:156 main.checkDIr] 文件夹 runner 已存在

[2024-03-04 12:24:05][info][upgrade.go:141 main.tarRunner] 解压缩完成
[2024-03-04 12:24:08][info][upgrade.go:33 main.Auto] &{http://limit.api.yyxcloud.com/ 0 4jyim runner backup temp ledshow.tar 5m0s}
[2024-03-04 12:24:08][info][upgrade.go:36 main.Auto] http://limit.api.yyxcloud.com//gateMachine/queryVersion/4jyim/0
[2024-03-04 12:24:08][info][upgrade.go:56 main.Auto] check update resp {操作成功 1 {2233 https://ocs-oss.oss-cn-beijing.aliyuncs.com/upload/emcs-limit/ledshowktfw-0.0.9.tar ledshowktfw-0.0.9.tar}}
[2024-03-04 12:24:09][info][upgrade.go:59 main.Auto] 发现新版本 version=2233
[2024-03-04 12:24:09][info][upgrade.go:156 main.checkDIr] 文件夹 temp 已存在

[2024-03-04 12:24:09][info][upgrade.go:63 main.Auto] 下载更新包...
[2024-03-04 12:24:10][info][upgrade.go:70 main.Auto] 更新完成
[2024-03-04 12:24:10][info][upgrade.go:156 main.checkDIr] 文件夹 backup 已存在

[2024-03-04 12:24:12][info][upgrade.go:156 main.checkDIr] 文件夹 runner 已存在

[2024-03-04 12:24:13][info][upgrade.go:141 main.tarRunner] 解压缩完成
[2024-03-04 12:26:17][info][upgrade.go:33 main.Auto] &{http://limit.api.yyxcloud.com/ 0 4jyim runner backup temp ledshow.tar 5m0s}
[2024-03-04 12:26:17][info][upgrade.go:36 main.Auto] http://limit.api.yyxcloud.com//gateMachine/queryVersion/4jyim/0
[2024-03-04 12:26:17][info][upgrade.go:56 main.Auto] check update resp {操作成功 1 {2233 https://ocs-oss.oss-cn-beijing.aliyuncs.com/upload/emcs-limit/ledshowktfw-0.0.9.tar ledshowktfw-0.0.9.tar}}
[2024-03-04 12:26:18][info][upgrade.go:59 main.Auto] 发现新版本 version=2233
[2024-03-04 12:26:18][info][upgrade.go:164 main.checkDIr] 文件夹 temp 已存在

[2024-03-04 12:26:18][info][upgrade.go:63 main.Auto] 下载更新包...
[2024-03-04 12:26:20][info][upgrade.go:70 main.Auto] 更新完成
[2024-03-04 12:26:20][info][upgrade.go:164 main.checkDIr] 文件夹 backup 已存在

[2024-03-04 12:26:26][info][upgrade.go:164 main.checkDIr] 文件夹 runner 已存在

[2024-03-04 12:29:07][info][upgrade.go:33 main.Auto] &{http://limit.api.yyxcloud.com/ 0 4jyim runner backup temp ledshow.tar 5m0s}
[2024-03-04 12:29:07][info][upgrade.go:36 main.Auto] http://limit.api.yyxcloud.com//gateMachine/queryVersion/4jyim/0
[2024-03-04 12:29:07][info][upgrade.go:56 main.Auto] check update resp {操作成功 1 {2233 https://ocs-oss.oss-cn-beijing.aliyuncs.com/upload/emcs-limit/ledshowktfw-0.0.9.tar ledshowktfw-0.0.9.tar}}
[2024-03-04 12:29:07][info][upgrade.go:59 main.Auto] 发现新版本 version=2233
[2024-03-04 12:29:07][info][upgrade.go:162 main.checkDIr] 文件夹 temp 已存在

[2024-03-04 12:29:07][info][upgrade.go:63 main.Auto] 下载更新包...
[2024-03-04 12:29:10][info][upgrade.go:70 main.Auto] 更新完成
[2024-03-04 12:29:10][info][upgrade.go:162 main.checkDIr] 文件夹 backup 已存在

[2024-03-04 12:29:13][info][upgrade.go:162 main.checkDIr] 文件夹 runner 已存在

[2024-03-04 12:34:13][info][upgrade.go:33 main.Auto] &{http://limit.api.yyxcloud.com/ 0 4jyim runner backup temp ledshow.tar 5m0s}
[2024-03-04 12:34:13][info][upgrade.go:36 main.Auto] http://limit.api.yyxcloud.com//gateMachine/queryVersion/4jyim/0
[2024-03-04 12:34:15][info][upgrade.go:56 main.Auto] check update resp {操作成功 1 {2233 https://ocs-oss.oss-cn-beijing.aliyuncs.com/upload/emcs-limit/ledshowktfw-0.0.9.tar ledshowktfw-0.0.9.tar}}
[2024-03-04 12:34:15][info][upgrade.go:59 main.Auto] 发现新版本 version=2233
[2024-03-04 12:34:15][info][upgrade.go:162 main.checkDIr] 文件夹 temp 已存在

[2024-03-04 12:34:15][info][upgrade.go:63 main.Auto] 下载更新包...
[2024-03-04 12:34:18][info][upgrade.go:70 main.Auto] 更新完成
[2024-03-04 12:34:18][info][upgrade.go:162 main.checkDIr] 文件夹 backup 已存在

[2024-03-04 12:37:03][info][upgrade.go:33 main.Auto] &{http://limit.api.yyxcloud.com/ 0 4jyim runner backup temp ledshow.tar 5m0s}
[2024-03-04 12:37:03][info][upgrade.go:36 main.Auto] http://limit.api.yyxcloud.com//gateMachine/queryVersion/4jyim/0
[2024-03-04 12:37:03][info][upgrade.go:56 main.Auto] check update resp {操作成功 1 {2233 https://ocs-oss.oss-cn-beijing.aliyuncs.com/upload/emcs-limit/ledshowktfw-0.0.9.tar ledshowktfw-0.0.9.tar}}
[2024-03-04 12:37:05][info][upgrade.go:59 main.Auto] 发现新版本 version=2233
[2024-03-04 12:37:06][info][upgrade.go:129 main.checkDIr] 文件夹 temp 已存在

[2024-03-04 12:37:06][info][upgrade.go:63 main.Auto] 下载更新包...
[2024-03-04 12:37:11][info][upgrade.go:70 main.Auto] 更新完成
[2024-03-04 12:37:11][info][upgrade.go:129 main.checkDIr] 文件夹 backup 已存在

[2024-03-04 12:37:12][info][upgrade.go:129 main.checkDIr] 文件夹 runner 已存在

[2024-03-04 12:37:21][info][upgrade.go:115 main.extractTar] 解压缩完成
[2024-03-04 12:42:22][info][upgrade.go:33 main.Auto] &{http://limit.api.yyxcloud.com/ 0 4jyim runner backup temp ledshow.tar 5m0s}
[2024-03-04 12:42:22][info][upgrade.go:36 main.Auto] http://limit.api.yyxcloud.com//gateMachine/queryVersion/4jyim/0
[2024-03-04 12:42:22][info][upgrade.go:56 main.Auto] check update resp {操作成功 1 {2233 https://ocs-oss.oss-cn-beijing.aliyuncs.com/upload/emcs-limit/ledshowktfw-0.0.9.tar ledshowktfw-0.0.9.tar}}
[2024-03-04 12:42:24][info][upgrade.go:59 main.Auto] 发现新版本 version=2233
[2024-03-04 12:42:24][info][upgrade.go:129 main.checkDIr] 文件夹 temp 已存在

[2024-03-04 12:42:24][info][upgrade.go:63 main.Auto] 下载更新包...
[2024-03-04 12:43:15][info][upgrade.go:33 main.Auto] &{http://limit.api.yyxcloud.com/ 0 4jyim runner backup temp ledshow.tar 5m0s}
[2024-03-04 12:43:15][info][upgrade.go:36 main.Auto] http://limit.api.yyxcloud.com//gateMachine/queryVersion/4jyim/0
[2024-03-04 12:43:15][info][upgrade.go:56 main.Auto] check update resp {操作成功 1 {2233 https://ocs-oss.oss-cn-beijing.aliyuncs.com/upload/emcs-limit/ledshowktfw-0.0.9.tar ledshowktfw-0.0.9.tar}}
[2024-03-04 12:43:15][info][upgrade.go:59 main.Auto] 发现新版本 version=2233
[2024-03-04 12:43:15][info][upgrade.go:133 main.checkDIr] 文件夹 temp 已存在

[2024-03-04 12:43:15][info][upgrade.go:63 main.Auto] 下载更新包...
[2024-03-04 12:43:16][info][upgrade.go:70 main.Auto] 更新完成
[2024-03-04 12:43:16][info][upgrade.go:133 main.checkDIr] 文件夹 backup 已存在

[2024-03-04 12:43:16][info][upgrade.go:133 main.checkDIr] 文件夹 runner 已存在

[2024-03-04 12:43:16][info][upgrade.go:119 main.extractTar] 解压缩完成
[2024-03-04 12:48:16][info][upgrade.go:33 main.Auto] &{http://limit.api.yyxcloud.com/ 0 4jyim runner backup temp ledshow.tar 5m0s}
[2024-03-04 12:48:16][info][upgrade.go:36 main.Auto] http://limit.api.yyxcloud.com//gateMachine/queryVersion/4jyim/0
[2024-03-04 12:48:17][info][upgrade.go:56 main.Auto] check update resp {操作成功 1 {2233 https://ocs-oss.oss-cn-beijing.aliyuncs.com/upload/emcs-limit/ledshowktfw-0.0.9.tar ledshowktfw-0.0.9.tar}}
[2024-03-04 12:48:17][info][upgrade.go:59 main.Auto] 发现新版本 version=2233
[2024-03-04 12:48:17][info][upgrade.go:133 main.checkDIr] 文件夹 temp 已存在

[2024-03-04 12:48:17][info][upgrade.go:63 main.Auto] 下载更新包...
[2024-03-04 12:48:18][info][upgrade.go:70 main.Auto] 更新完成
[2024-03-04 12:48:18][info][upgrade.go:133 main.checkDIr] 文件夹 backup 已存在

[2024-03-04 12:48:18][info][upgrade.go:133 main.checkDIr] 文件夹 runner 已存在

[2024-03-04 12:48:18][info][upgrade.go:119 main.extractTar] 解压缩完成
[2024-03-04 12:48:31][info][upgrade.go:33 main.Auto] &{http://limit.api.yyxcloud.com/ 0 4jyim runner backup temp ledshow.tar 5m0s}
[2024-03-04 12:48:31][info][upgrade.go:36 main.Auto] http://limit.api.yyxcloud.com//gateMachine/queryVersion/4jyim/0
[2024-03-04 12:48:31][info][upgrade.go:56 main.Auto] check update resp {操作成功 1 {2233 https://ocs-oss.oss-cn-beijing.aliyuncs.com/upload/emcs-limit/ledshowktfw-0.0.9.tar ledshowktfw-0.0.9.tar}}
[2024-03-04 12:48:32][info][upgrade.go:59 main.Auto] 发现新版本 version=2233
[2024-03-04 12:48:32][info][upgrade.go:134 main.checkDIr] 文件夹 temp 已存在

[2024-03-04 12:48:32][info][upgrade.go:63 main.Auto] 下载更新包...
[2024-03-04 12:48:34][info][upgrade.go:70 main.Auto] 更新完成
[2024-03-04 12:48:34][info][upgrade.go:134 main.checkDIr] 文件夹 backup 已存在

[2024-03-04 12:48:35][info][upgrade.go:134 main.checkDIr] 文件夹 runner 已存在

[2024-03-04 12:48:35][info][upgrade.go:120 main.extractTar] 解压缩完成
[2024-03-04 12:51:14][info][upgrade.go:33 main.Auto] &{http://limit.api.yyxcloud.com/ 0 4jyim runner backup temp ledshow.tar 5m0s}
[2024-03-04 12:51:14][info][upgrade.go:36 main.Auto] http://limit.api.yyxcloud.com//gateMachine/queryVersion/4jyim/0
[2024-03-04 12:51:14][info][upgrade.go:56 main.Auto] check update resp {操作成功 1 {2233 https://ocs-oss.oss-cn-beijing.aliyuncs.com/upload/emcs-limit/ledshowktfw-0.0.9.tar ledshowktfw-0.0.9.tar}}
[2024-03-04 12:51:15][info][upgrade.go:59 main.Auto] 发现新版本 version=2233
[2024-03-04 12:51:15][info][upgrade.go:119 main.checkDIr] 文件夹 temp 已存在

[2024-03-04 12:51:15][info][upgrade.go:63 main.Auto] 下载更新包...
[2024-03-04 12:51:18][info][upgrade.go:70 main.Auto] 更新完成
[2024-03-04 12:51:18][info][upgrade.go:119 main.checkDIr] 文件夹 backup 已存在

[2024-03-04 12:51:23][info][upgrade.go:119 main.checkDIr] 文件夹 runner 已存在

[2024-03-04 12:51:26][info][upgrade.go:105 main.extractTar] 解压缩完成
[2024-03-04 12:56:26][info][upgrade.go:33 main.Auto] &{http://limit.api.yyxcloud.com/ 0 4jyim runner backup temp ledshow.tar 5m0s}
[2024-03-04 12:56:26][info][upgrade.go:36 main.Auto] http://limit.api.yyxcloud.com//gateMachine/queryVersion/4jyim/0
[2024-03-04 12:56:27][info][upgrade.go:56 main.Auto] check update resp {操作成功 1 {2233 https://ocs-oss.oss-cn-beijing.aliyuncs.com/upload/emcs-limit/ledshowktfw-0.0.9.tar ledshowktfw-0.0.9.tar}}
[2024-03-04 12:56:35][info][upgrade.go:59 main.Auto] 发现新版本 version=2233
[2024-03-04 12:56:35][info][upgrade.go:119 main.checkDIr] 文件夹 temp 已存在

[2024-03-04 12:56:35][info][upgrade.go:63 main.Auto] 下载更新包...
[2024-03-04 12:57:18][info][upgrade.go:33 main.Auto] &{http://limit.api.yyxcloud.com/ 0 4jyim runner backup temp ledshow.tar 5m0s}
[2024-03-04 12:57:18][info][upgrade.go:36 main.Auto] http://limit.api.yyxcloud.com//gateMachine/queryVersion/4jyim/0
[2024-03-04 12:57:18][info][upgrade.go:56 main.Auto] check update resp {操作成功 1 {2233 https://ocs-oss.oss-cn-beijing.aliyuncs.com/upload/emcs-limit/ledshowktfw-0.0.9.tar ledshowktfw-0.0.9.tar}}
[2024-03-04 12:57:18][info][upgrade.go:59 main.Auto] 发现新版本 version=2233
[2024-03-04 12:57:18][info][upgrade.go:134 main.checkDIr] 文件夹 temp 已存在

[2024-03-04 12:57:18][info][upgrade.go:63 main.Auto] 下载更新包...
[2024-03-04 12:57:19][info][upgrade.go:70 main.Auto] 更新完成
[2024-03-04 12:57:19][info][upgrade.go:134 main.checkDIr] 文件夹 backup 已存在

[2024-03-04 12:57:19][info][upgrade.go:94 main.copyFileTo] 无法创建目标文件 temp/ledshowktfw-0.0.9.tar: open backup/temp/ledshowktfw-0.0.9.tar: The system cannot find the path specified.

[2024-03-04 12:57:19][info][upgrade.go:134 main.checkDIr] 文件夹 runner 已存在

[2024-03-04 12:57:19][info][upgrade.go:94 main.copyFileTo] 无法创建目标文件 temp/ledshowktfw-0.0.9.tar: open runner/temp/ledshowktfw-0.0.9.tar: The system cannot find the path specified.

[2024-03-04 12:57:19][info][upgrade.go:134 main.checkDIr] 文件夹 runner 已存在

[2024-03-04 12:59:48][info][upgrade.go:33 main.Auto] &{http://limit.api.yyxcloud.com/ 0 4jyim runner backup temp ledshow.tar 5m0s}
[2024-03-04 12:59:48][info][upgrade.go:36 main.Auto] http://limit.api.yyxcloud.com//gateMachine/queryVersion/4jyim/0
[2024-03-04 12:59:48][info][upgrade.go:56 main.Auto] check update resp {操作成功 1 {2233 https://ocs-oss.oss-cn-beijing.aliyuncs.com/upload/emcs-limit/ledshowktfw-0.0.9.tar ledshowktfw-0.0.9.tar}}
[2024-03-04 12:59:48][info][upgrade.go:59 main.Auto] 发现新版本 version=2233
[2024-03-04 12:59:48][info][upgrade.go:130 main.checkDIr] 文件夹 temp 已存在

[2024-03-04 12:59:48][info][upgrade.go:63 main.Auto] 下载更新包...
[2024-03-04 12:59:50][info][upgrade.go:70 main.Auto] 更新完成
[2024-03-04 12:59:50][error][upgrade.go:85 main.copyFileTo] open ledshowktfw-0.0.9.tar: The system cannot find the file specified.
[2024-03-04 12:59:50][info][upgrade.go:97 main.copyFileTo] 无法拷贝 ledshowktfw-0.0.9.tar: invalid argument

[2024-03-04 12:59:50][info][upgrade.go:90 main.copyFileTo] 无法创建目标文件 temp/ledshowktfw-0.0.9.tar: open runner/temp/ledshowktfw-0.0.9.tar: The system cannot find the path specified.

[2024-03-04 12:59:50][info][upgrade.go:130 main.checkDIr] 文件夹 runner 已存在

[2024-03-04 13:00:02][info][upgrade.go:33 main.Auto] &{http://limit.api.yyxcloud.com/ 0 4jyim runner backup temp ledshow.tar 5m0s}
[2024-03-04 13:00:02][info][upgrade.go:36 main.Auto] http://limit.api.yyxcloud.com//gateMachine/queryVersion/4jyim/0
[2024-03-04 13:00:02][info][upgrade.go:56 main.Auto] check update resp {操作成功 1 {2233 https://ocs-oss.oss-cn-beijing.aliyuncs.com/upload/emcs-limit/ledshowktfw-0.0.9.tar ledshowktfw-0.0.9.tar}}
[2024-03-04 13:00:02][info][upgrade.go:59 main.Auto] 发现新版本 version=2233
[2024-03-04 13:00:02][info][upgrade.go:131 main.checkDIr] 文件夹 temp 已存在

[2024-03-04 13:00:02][info][upgrade.go:63 main.Auto] 下载更新包...
[2024-03-04 13:00:04][info][upgrade.go:70 main.Auto] 更新完成
[2024-03-04 13:00:04][error][upgrade.go:86 main.copyFileTo] open ledshowktfw-0.0.9.tar: The system cannot find the file specified.
[2024-03-04 13:00:04][info][upgrade.go:98 main.copyFileTo] 无法拷贝 ledshowktfw-0.0.9.tar: invalid argument

[2024-03-04 13:00:04][info][upgrade.go:91 main.copyFileTo] 无法创建目标文件 temp/ledshowktfw-0.0.9.tar: open runner/temp/ledshowktfw-0.0.9.tar: The system cannot find the path specified.

[2024-03-04 13:00:04][info][upgrade.go:131 main.checkDIr] 文件夹 runner 已存在

[2024-03-04 13:00:39][info][upgrade.go:33 main.Auto] &{http://limit.api.yyxcloud.com/ 0 4jyim runner backup temp ledshow.tar 5m0s}
[2024-03-04 13:00:39][info][upgrade.go:36 main.Auto] http://limit.api.yyxcloud.com//gateMachine/queryVersion/4jyim/0
[2024-03-04 13:00:40][info][upgrade.go:56 main.Auto] check update resp {操作成功 1 {2233 https://ocs-oss.oss-cn-beijing.aliyuncs.com/upload/emcs-limit/ledshowktfw-0.0.9.tar ledshowktfw-0.0.9.tar}}
[2024-03-04 13:00:40][info][upgrade.go:59 main.Auto] 发现新版本 version=2233
[2024-03-04 13:00:40][info][upgrade.go:131 main.checkDIr] 文件夹 temp 已存在

[2024-03-04 13:00:40][info][upgrade.go:63 main.Auto] 下载更新包...
[2024-03-04 13:00:42][info][upgrade.go:70 main.Auto] 更新完成
[2024-03-04 13:00:42][error][upgrade.go:86 main.copyFileTo] open ledshowktfw-0.0.9.tar: The system cannot find the file specified.
[2024-03-04 13:01:10][info][upgrade.go:98 main.copyFileTo] 无法拷贝 ledshowktfw-0.0.9.tar: invalid argument

[2024-03-04 13:01:24][info][upgrade.go:91 main.copyFileTo] 无法创建目标文件 temp/ledshowktfw-0.0.9.tar: open runner/temp/ledshowktfw-0.0.9.tar: The system cannot find the path specified.

[2024-03-04 13:01:32][info][upgrade.go:131 main.checkDIr] 文件夹 runner 已存在

[2024-03-04 13:03:21][info][upgrade.go:33 main.Auto] &{http://limit.api.yyxcloud.com/ 0 4jyim runner backup temp ledshow.tar 5m0s}
[2024-03-04 13:03:21][info][upgrade.go:36 main.Auto] http://limit.api.yyxcloud.com//gateMachine/queryVersion/4jyim/0
[2024-03-04 13:03:21][info][upgrade.go:56 main.Auto] check update resp {操作成功 1 {2233 https://ocs-oss.oss-cn-beijing.aliyuncs.com/upload/emcs-limit/ledshowktfw-0.0.9.tar ledshowktfw-0.0.9.tar}}
[2024-03-04 13:03:21][info][upgrade.go:59 main.Auto] 发现新版本 version=2233
[2024-03-04 13:03:21][info][upgrade.go:130 main.checkDIr] 文件夹 temp 已存在

[2024-03-04 13:03:21][info][upgrade.go:63 main.Auto] 下载更新包...
[2024-03-04 13:03:23][info][upgrade.go:70 main.Auto] 更新完成
[2024-03-04 13:03:23][error][upgrade.go:85 main.copyFileTo] open ledshowktfw-0.0.9.tar: The system cannot find the file specified.
[2024-03-04 13:03:23][info][upgrade.go:97 main.copyFileTo] 无法拷贝 ledshowktfw-0.0.9.tar: invalid argument

[2024-03-04 13:03:23][info][upgrade.go:116 main.extractTar] 解压缩完成
[2024-03-04 13:03:23][info][upgrade.go:130 main.checkDIr] 文件夹 runner 已存在

[2024-03-04 13:03:51][info][upgrade.go:33 main.Auto] &{http://limit.api.yyxcloud.com/ 0 4jyim runner backup temp ledshow.tar 5m0s}
[2024-03-04 13:03:51][info][upgrade.go:36 main.Auto] http://limit.api.yyxcloud.com//gateMachine/queryVersion/4jyim/0
[2024-03-04 13:03:51][info][upgrade.go:56 main.Auto] check update resp {操作成功 1 {2233 https://ocs-oss.oss-cn-beijing.aliyuncs.com/upload/emcs-limit/ledshowktfw-0.0.9.tar ledshowktfw-0.0.9.tar}}
[2024-03-04 13:03:53][info][upgrade.go:59 main.Auto] 发现新版本 version=2233
[2024-03-04 13:03:53][info][upgrade.go:130 main.checkDIr] 文件夹 temp 已存在

[2024-03-04 13:03:53][info][upgrade.go:63 main.Auto] 下载更新包...
[2024-03-04 13:03:55][info][upgrade.go:70 main.Auto] 更新完成
[2024-03-04 13:03:55][error][upgrade.go:85 main.copyFileTo] open ledshowktfw-0.0.9.tar: The system cannot find the file specified.
[2024-03-04 13:03:59][info][upgrade.go:97 main.copyFileTo] 无法拷贝 ledshowktfw-0.0.9.tar: invalid argument

[2024-03-04 13:04:34][info][upgrade.go:116 main.extractTar] 解压缩完成
[2024-03-04 13:04:37][info][upgrade.go:130 main.checkDIr] 文件夹 runner 已存在

[2024-03-04 13:09:37][info][upgrade.go:33 main.Auto] &{http://limit.api.yyxcloud.com/ 0 4jyim runner backup temp ledshow.tar 5m0s}
[2024-03-04 13:09:37][info][upgrade.go:36 main.Auto] http://limit.api.yyxcloud.com//gateMachine/queryVersion/4jyim/0
[2024-03-04 13:09:37][info][upgrade.go:56 main.Auto] check update resp {操作成功 1 {2233 https://ocs-oss.oss-cn-beijing.aliyuncs.com/upload/emcs-limit/ledshowktfw-0.0.9.tar ledshowktfw-0.0.9.tar}}
[2024-03-04 13:16:21][info][upgrade.go:59 main.Auto] 发现新版本 version=2233
[2024-03-04 13:16:22][info][upgrade.go:130 main.checkDIr] 文件夹 temp 已存在

[2024-03-04 13:16:22][info][upgrade.go:63 main.Auto] 下载更新包...
[2024-03-04 13:16:26][info][upgrade.go:70 main.Auto] 更新完成
[2024-03-04 13:16:27][error][upgrade.go:85 main.copyFileTo] open ledshowktfw-0.0.9.tar: The system cannot find the file specified.
[2024-03-04 13:16:35][info][upgrade.go:97 main.copyFileTo] 无法拷贝 ledshowktfw-0.0.9.tar: invalid argument

[2024-03-04 13:16:38][info][upgrade.go:116 main.extractTar] 解压缩完成
[2024-03-04 13:16:39][info][upgrade.go:130 main.checkDIr] 文件夹 runner 已存在

[2024-03-04 13:20:24][info][upgrade.go:32 main.Auto] &{http://limit.api.yyxcloud.com/ 0 4jyim runner backup temp ledshow.tar 5m0s}
[2024-03-04 13:20:26][info][upgrade.go:35 main.Auto] http://limit.api.yyxcloud.com//gateMachine/queryVersion/4jyim/0
[2024-03-04 13:20:32][info][upgrade.go:55 main.Auto] check update resp {操作成功 1 {2233 https://ocs-oss.oss-cn-beijing.aliyuncs.com/upload/emcs-limit/ledshowktfw-0.0.9.tar ledshowktfw-0.0.9.tar}}
[2024-03-04 13:20:33][info][upgrade.go:58 main.Auto] 发现新版本 version=2233
[2024-03-04 13:20:33][info][upgrade.go:133 main.checkDIr] 文件夹 temp 已存在

[2024-03-04 13:20:34][info][upgrade.go:62 main.Auto] 下载更新包...
[2024-03-04 13:20:48][error][upgrade.go:87 main.copyFileTo] open ledshowktfw-0.0.9.tar: The system cannot find the file specified.
[2024-03-04 13:21:00][info][upgrade.go:99 main.copyFileTo] 无法拷贝 ledshowktfw-0.0.9.tar: invalid argument

[2024-03-04 13:21:02][info][upgrade.go:119 main.extractTar] 解压缩完成
[2024-03-04 13:21:02][info][upgrade.go:133 main.checkDIr] 文件夹 runner 已存在

[2024-03-04 13:23:42][info][upgrade.go:32 main.Auto] &{http://limit.api.yyxcloud.com/ 0 4jyim runner backup temp ledshow.tar 5m0s}
[2024-03-04 13:23:42][info][upgrade.go:35 main.Auto] http://limit.api.yyxcloud.com//gateMachine/queryVersion/4jyim/0
[2024-03-04 13:23:42][info][upgrade.go:55 main.Auto] check update resp {操作成功 1 {2233 https://ocs-oss.oss-cn-beijing.aliyuncs.com/upload/emcs-limit/ledshowktfw-0.0.9.tar ledshowktfw-0.0.9.tar}}
[2024-03-04 13:23:42][info][upgrade.go:58 main.Auto] 发现新版本 version=2233
[2024-03-04 13:23:42][info][upgrade.go:118 main.checkDIr] 文件夹 temp 已存在

[2024-03-04 13:23:42][info][upgrade.go:62 main.Auto] 下载更新包...
[2024-03-04 13:23:44][info][upgrade.go:87 main.copyFileTo] 无法创建目标文件 temp/ledshowktfw-0.0.9.tar: open backup/temp/ledshowktfw-0.0.9.tar: The system cannot find the path specified.

[2024-03-04 13:23:44][info][upgrade.go:104 main.extractTar] 解压缩完成
[2024-03-04 13:23:44][info][upgrade.go:118 main.checkDIr] 文件夹 runner 已存在

[2024-03-04 13:24:39][info][upgrade.go:32 main.Auto] &{http://limit.api.yyxcloud.com/ 0 4jyim runner backup temp ledshow.tar 5m0s}
[2024-03-04 13:24:39][info][upgrade.go:35 main.Auto] http://limit.api.yyxcloud.com//gateMachine/queryVersion/4jyim/0
[2024-03-04 13:24:39][info][upgrade.go:55 main.Auto] check update resp {操作成功 1 {2233 https://ocs-oss.oss-cn-beijing.aliyuncs.com/upload/emcs-limit/ledshowktfw-0.0.9.tar ledshowktfw-0.0.9.tar}}
[2024-03-04 13:24:39][info][upgrade.go:58 main.Auto] 发现新版本 version=2233
[2024-03-04 13:24:39][info][upgrade.go:118 main.checkDIr] 文件夹 temp 已存在

[2024-03-04 13:24:39][info][upgrade.go:62 main.Auto] 下载更新包...
[2024-03-04 13:25:40][info][upgrade.go:87 main.copyFileTo] 无法创建目标文件 temp/ledshowktfw-0.0.9.tar: open backup/temp/ledshowktfw-0.0.9.tar: The system cannot find the path specified.

[2024-03-04 13:25:40][info][upgrade.go:104 main.extractTar] 解压缩完成
[2024-03-04 13:25:40][info][upgrade.go:118 main.checkDIr] 文件夹 runner 已存在

[2024-03-04 13:26:09][info][upgrade.go:32 main.Auto] &{http://limit.api.yyxcloud.com/ 0 4jyim runner backup temp ledshow.tar 5m0s}
[2024-03-04 13:26:10][info][upgrade.go:35 main.Auto] http://limit.api.yyxcloud.com//gateMachine/queryVersion/4jyim/0
[2024-03-04 13:26:10][info][upgrade.go:55 main.Auto] check update resp {操作成功 1 {2233 https://ocs-oss.oss-cn-beijing.aliyuncs.com/upload/emcs-limit/ledshowktfw-0.0.9.tar ledshowktfw-0.0.9.tar}}
[2024-03-04 13:26:11][info][upgrade.go:58 main.Auto] 发现新版本 version=2233
[2024-03-04 13:26:12][info][upgrade.go:118 main.checkDIr] 文件夹 temp 已存在

[2024-03-04 13:26:12][info][upgrade.go:62 main.Auto] 下载更新包...
[2024-03-04 13:26:34][info][upgrade.go:104 main.extractTar] 解压缩完成
[2024-03-04 13:26:36][info][upgrade.go:118 main.checkDIr] 文件夹 runner 已存在

[2024-03-04 13:27:15][info][upgrade.go:32 main.Auto] &{http://limit.api.yyxcloud.com/ 0 4jyim runner backup temp ledshow.tar 5m0s}
[2024-03-04 13:27:15][info][upgrade.go:35 main.Auto] http://limit.api.yyxcloud.com//gateMachine/queryVersion/4jyim/0
[2024-03-04 13:27:15][info][upgrade.go:55 main.Auto] check update resp {操作成功 1 {2233 https://ocs-oss.oss-cn-beijing.aliyuncs.com/upload/emcs-limit/ledshowktfw-0.0.9.tar ledshowktfw-0.0.9.tar}}
[2024-03-04 13:27:15][info][upgrade.go:58 main.Auto] 发现新版本 version=2233
[2024-03-04 13:27:15][info][upgrade.go:118 main.checkDIr] 文件夹 temp 已存在

[2024-03-04 13:27:15][info][upgrade.go:62 main.Auto] 下载更新包...
[2024-03-04 13:27:17][info][upgrade.go:104 main.extractTar] 解压缩完成
[2024-03-04 13:27:17][info][upgrade.go:118 main.checkDIr] 文件夹 runner 已存在

[2024-03-04 13:29:28][info][upgrade.go:32 main.Auto] &{http://limit.api.yyxcloud.com/ 0 4jyim runner backup temp ledshow.tar 5m0s}
[2024-03-04 13:29:28][info][upgrade.go:35 main.Auto] http://limit.api.yyxcloud.com//gateMachine/queryVersion/4jyim/0
[2024-03-04 13:29:28][info][upgrade.go:55 main.Auto] check update resp {操作成功 1 {2233 https://ocs-oss.oss-cn-beijing.aliyuncs.com/upload/emcs-limit/ledshowktfw-0.0.9.tar ledshowktfw-0.0.9.tar}}
[2024-03-04 13:29:28][info][upgrade.go:60 main.Auto] 发现新版本 version=2233 ,file=ledshowktfw-0.0.9.tar
[2024-03-04 13:29:28][info][upgrade.go:121 main.checkDIr] 文件夹 temp 已存在

[2024-03-04 13:29:28][info][upgrade.go:64 main.Auto] 下载更新包...
[2024-03-04 13:29:30][info][upgrade.go:107 main.extractTar] 解压缩完成
[2024-03-04 13:29:30][info][upgrade.go:121 main.checkDIr] 文件夹 runner 已存在

[2024-03-04 13:30:22][info][upgrade.go:32 main.Auto] &{http://limit.api.yyxcloud.com/ 0 4jyim runner backup temp ledshow.tar 5m0s}
[2024-03-04 13:30:22][info][upgrade.go:35 main.Auto] http://limit.api.yyxcloud.com//gateMachine/queryVersion/4jyim/0
[2024-03-04 13:30:22][info][upgrade.go:55 main.Auto] check update resp {操作成功 1 {2233 https://ocs-oss.oss-cn-beijing.aliyuncs.com/upload/emcs-limit/ledshowktfw-0.0.9.tar ledshowktfw-0.0.9.tar}}
[2024-03-04 13:30:22][info][upgrade.go:60 main.Auto] 发现新版本 version=2233 ,file=ledshowktfw-0.0.9.tar
[2024-03-04 13:30:22][info][upgrade.go:122 main.checkDIr] 文件夹 temp 已存在

[2024-03-04 13:30:22][info][upgrade.go:64 main.Auto] 下载更新包...
[2024-03-04 13:30:24][info][upgrade.go:108 main.extractTar] 解压缩完成
[2024-03-04 13:30:24][info][upgrade.go:122 main.checkDIr] 文件夹 runner 已存在

[2024-03-04 13:32:18][info][upgrade.go:32 main.Auto] &{http://limit.api.yyxcloud.com/ 0 4jyim runner backup temp ledshow.tar 5m0s}
[2024-03-04 13:32:18][info][upgrade.go:35 main.Auto] http://limit.api.yyxcloud.com//gateMachine/queryVersion/4jyim/0
[2024-03-04 13:32:18][info][upgrade.go:55 main.Auto] check update resp {操作成功 1 {2233 https://ocs-oss.oss-cn-beijing.aliyuncs.com/upload/emcs-limit/ledshowktfw-0.0.9.tar ledshowktfw-0.0.9.tar}}
[2024-03-04 13:32:18][info][upgrade.go:60 main.Auto] 发现新版本 version=2233 ,file=ledshowktfw-0.0.9.tar
[2024-03-04 13:32:18][info][upgrade.go:122 main.checkDIr] 文件夹 temp 已存在

[2024-03-04 13:32:18][info][upgrade.go:64 main.Auto] 下载更新包...
[2024-03-04 13:32:19][info][upgrade.go:108 main.extractTar] 解压缩完成
[2024-03-04 13:32:19][info][upgrade.go:122 main.checkDIr] 文件夹 runner 已存在

[2024-03-04 13:32:30][info][upgrade.go:32 main.Auto] &{http://limit.api.yyxcloud.com/ 0 4jyim runner backup temp ledshow.tar 5m0s}
[2024-03-04 13:32:32][info][upgrade.go:35 main.Auto] http://limit.api.yyxcloud.com//gateMachine/queryVersion/4jyim/0
[2024-03-04 13:32:32][info][upgrade.go:55 main.Auto] check update resp {操作成功 1 {2233 https://ocs-oss.oss-cn-beijing.aliyuncs.com/upload/emcs-limit/ledshowktfw-0.0.9.tar ledshowktfw-0.0.9.tar}}
[2024-03-04 13:32:33][info][upgrade.go:60 main.Auto] 发现新版本 version=2233 ,file=ledshowktfw-0.0.9.tar
[2024-03-04 13:32:33][info][upgrade.go:122 main.checkDIr] 文件夹 temp 已存在

[2024-03-04 13:32:33][info][upgrade.go:64 main.Auto] 下载更新包...
[2024-03-04 13:33:08][info][upgrade.go:108 main.extractTar] 解压缩完成
[2024-03-04 13:33:10][info][upgrade.go:122 main.checkDIr] 文件夹 runner 已存在

